teamA/app/build/intermediates/manifest_merge_blame_file/debug/manifest-merger-blame-debug-report.txt
1<?xml version="1.0" encoding="utf-8"?>
2<manifest xmlns:android="http://schemas.android.com/apk/res/android"
3    package="com.example.teama"
4    android:versionCode="1"
5    android:versionName="1.0" >
6
7    <uses-sdk
8        android:minSdkVersion="16"
8-->src\main\AndroidManifest.xml
9        android:targetSdkVersion="30" />
9-->src\main\AndroidManifest.xml
10
11    <uses-permission android:name="android.permission.ACCESS_FINE_LOCATION" />
11-->src\main\AndroidManifest.xml:6:5-79
11-->src\main\AndroidManifest.xml:6:22-76
12    <uses-permission android:name="android.permission.ACCESS_COARSE_LOCATION" />
12-->src\main\AndroidManifest.xml:7:5-80
12-->src\main\AndroidManifest.xml:7:22-78
13    <uses-permission android:name="android.permission.INTERNET" />
13-->src\main\AndroidManifest.xml:9:5-67
13-->src\main\AndroidManifest.xml:9:22-64
14    <uses-permission android:name="android.permission.ACCESS_NETWORK_STATE" />
14-->src\main\AndroidManifest.xml:10:5-79
14-->src\main\AndroidManifest.xml:10:22-76
15    <uses-permission android:name="android.permission.ACCESS_WIFI_STATE" />
15-->src\main\AndroidManifest.xml:11:5-76
15-->src\main\AndroidManifest.xml:11:22-73
16    <uses-permission android:name="android.permission.READ_EXTERNAL_STORAGE" />
16-->src\main\AndroidManifest.xml:12:5-79
16-->src\main\AndroidManifest.xml:12:22-77
17    <uses-permission android:name="android.permission.WRITE_EXTERNAL_STORAGE" />
17-->src\main\AndroidManifest.xml:13:5-80
17-->src\main\AndroidManifest.xml:13:22-78
18    <uses-permission android:name="android.permission.CAMERA" />
18-->src\main\AndroidManifest.xml:14:5-64
18-->src\main\AndroidManifest.xml:14:22-62
19
20    <uses-feature
20-->src\main\AndroidManifest.xml:15:5-16:34
21        android:name="android.hardware.camera2"
21-->src\main\AndroidManifest.xml:15:19-58
22        android:required="true" />
22-->src\main\AndroidManifest.xml:16:9-32
23
24    <queries>
24-->src\main\AndroidManifest.xml:17:5-43:15
25
26        <!-- WebView -->
27        <intent>
27-->src\main\AndroidManifest.xml:19:9-23:18
28            <action android:name="android.intent.action.VIEW" />
28-->src\main\AndroidManifest.xml:20:13-65
28-->src\main\AndroidManifest.xml:20:21-62
29
30            <category android:name="android.intent.category.BROWSABLE" />
30-->src\main\AndroidManifest.xml:21:13-74
30-->src\main\AndroidManifest.xml:21:23-71
31
32            <data android:scheme="http" />
32-->src\main\AndroidManifest.xml:22:13-43
32-->src\main\AndroidManifest.xml:22:19-40
33        </intent>
34        <intent>
34-->src\main\AndroidManifest.xml:24:9-28:18
35            <action android:name="android.intent.action.VIEW" />
35-->src\main\AndroidManifest.xml:20:13-65
35-->src\main\AndroidManifest.xml:20:21-62
36
37            <category android:name="android.intent.category.BROWSABLE" />
37-->src\main\AndroidManifest.xml:21:13-74
37-->src\main\AndroidManifest.xml:21:23-71
38
39            <data android:scheme="https" />
39-->src\main\AndroidManifest.xml:22:13-43
39-->src\main\AndroidManifest.xml:22:19-40
40        </intent>
41
42        <!-- Camera -->
43        <intent>
43-->src\main\AndroidManifest.xml:31:9-33:18
44            <action android:name="android.media.action.IMAGE_CAPTURE" />
44-->src\main\AndroidManifest.xml:32:13-73
44-->src\main\AndroidManifest.xml:32:21-70
45        </intent>
46
47        <!-- Gallery -->
48        <intent>
48-->src\main\AndroidManifest.xml:36:9-38:18
49            <action android:name="android.intent.action.GET_CONTENT" />
49-->src\main\AndroidManifest.xml:37:13-72
49-->src\main\AndroidManifest.xml:37:21-69
50        </intent>
51        <intent>
51-->src\main\AndroidManifest.xml:40:9-42:18
52            <action android:name="android.media.browse.MediaBrowserService" />
52-->src\main\AndroidManifest.xml:41:13-79
52-->src\main\AndroidManifest.xml:41:21-76
53        </intent>
54    </queries>
55
56    <uses-feature
56-->[com.google.android.gms:play-services-maps:17.0.0] AndroidManifest.xml:26:5-28:35
57        android:glEsVersion="0x00020000"
57-->[com.google.android.gms:play-services-maps:17.0.0] AndroidManifest.xml:27:9-41
58        android:required="true" />
58-->[com.google.android.gms:play-services-maps:17.0.0] AndroidManifest.xml:28:9-32
59
60    <application
60-->src\main\AndroidManifest.xml:46:5-110:19
61        android:allowBackup="true"
61-->src\main\AndroidManifest.xml:47:9-35
62        android:appComponentFactory="androidx.core.app.CoreComponentFactory"
62-->[androidx.core:core:1.3.2] AndroidManifest.xml:24:18-86
63        android:debuggable="true"
64        android:icon="@mipmap/ic_launcher"
64-->src\main\AndroidManifest.xml:48:9-43
65        android:label="@string/app_name"
65-->src\main\AndroidManifest.xml:49:9-41
66        android:roundIcon="@mipmap/ic_launcher_round"
66-->src\main\AndroidManifest.xml:50:9-54
67        android:supportsRtl="true"
67-->src\main\AndroidManifest.xml:51:9-35
68        android:testOnly="true"
69        android:theme="@style/Theme.TeamA" >
69-->src\main\AndroidManifest.xml:52:9-43
70        <activity android:name="com.example.teama.Admin.AdminUserReviewActivity" />
70-->src\main\AndroidManifest.xml:56:9-66
70-->src\main\AndroidManifest.xml:56:19-64
71        <activity android:name="com.example.teama.Admin.AdminUserDetailActivity" />
71-->src\main\AndroidManifest.xml:57:9-67
71-->src\main\AndroidManifest.xml:57:19-64
72        <activity android:name="com.example.teama.Admin.AdminUserMemberActivity" />
72-->src\main\AndroidManifest.xml:58:9-67
72-->src\main\AndroidManifest.xml:58:19-64
73        <activity android:name="com.example.teama.Admin.AdminEntDetailActivity" />
73-->src\main\AndroidManifest.xml:59:9-66
73-->src\main\AndroidManifest.xml:59:19-63
74        <activity android:name="com.example.teama.Admin.AdminEntMemberActivity" />
74-->src\main\AndroidManifest.xml:60:9-66
74-->src\main\AndroidManifest.xml:60:19-63
75        <activity android:name="com.example.teama.Admin.AdminMainActivity" />
75-->src\main\AndroidManifest.xml:61:9-61
75-->src\main\AndroidManifest.xml:61:19-58
76        <activity android:name="com.example.teama.ent.EntMainActivity" />
76-->src\main\AndroidManifest.xml:62:9-57
76-->src\main\AndroidManifest.xml:62:19-54
77        <activity android:name="com.example.teama.ent.EntLocationActivity" />
77-->src\main\AndroidManifest.xml:63:9-61
77-->src\main\AndroidManifest.xml:63:19-58
78        <activity android:name="com.example.teama.ent.EntManagerActivity" />
78-->src\main\AndroidManifest.xml:64:9-60
78-->src\main\AndroidManifest.xml:64:19-57
79        <activity android:name="com.example.teama.ent.EntMenuAjustActivity" />
79-->src\main\AndroidManifest.xml:65:9-62
79-->src\main\AndroidManifest.xml:65:19-59
80        <activity android:name="com.example.teama.ent.EntMenuInsertActivity" />
80-->src\main\AndroidManifest.xml:66:9-63
80-->src\main\AndroidManifest.xml:66:19-60
81        <activity android:name="com.example.teama.ent.EntMenuListActivity" />
81-->src\main\AndroidManifest.xml:67:9-61
81-->src\main\AndroidManifest.xml:67:19-58
82        <activity android:name="com.example.teama.ent.EntMyPageActivity" />
82-->src\main\AndroidManifest.xml:68:9-59
82-->src\main\AndroidManifest.xml:68:19-56
83        <activity android:name="com.example.teama.ent.EntReviewActivity" />
83-->src\main\AndroidManifest.xml:69:9-59
83-->src\main\AndroidManifest.xml:69:19-56
84        <activity android:name="com.example.teama.ent.EntSocialMyPageActivity" />
84-->src\main\AndroidManifest.xml:70:9-65
84-->src\main\AndroidManifest.xml:70:19-62
85        <activity android:name="com.example.teama.ent.EntSubReviewActivity" />
85-->src\main\AndroidManifest.xml:71:9-62
85-->src\main\AndroidManifest.xml:71:19-59
86        <activity android:name="com.example.teama.user.UserMyListActivity" />
86-->src\main\AndroidManifest.xml:72:9-61
86-->src\main\AndroidManifest.xml:72:19-58
87        <activity android:name="com.example.teama.user.UserMyPageActivity" />
87-->src\main\AndroidManifest.xml:73:9-61
87-->src\main\AndroidManifest.xml:73:19-58
88        <activity android:name="com.example.teama.user.UserReviewAdjustActivity" />
88-->src\main\AndroidManifest.xml:74:9-67
88-->src\main\AndroidManifest.xml:74:19-64
89        <activity android:name="com.example.teama.user.UserReviewInsertActivity" />
89-->src\main\AndroidManifest.xml:75:9-67
89-->src\main\AndroidManifest.xml:75:19-64
90        <activity android:name="com.example.teama.user.UserReviewActivity" />
90-->src\main\AndroidManifest.xml:76:9-61
90-->src\main\AndroidManifest.xml:76:19-58
91        <activity android:name="com.example.teama.user.ShopDetailActivity" />
91-->src\main\AndroidManifest.xml:77:9-61
91-->src\main\AndroidManifest.xml:77:19-58
92        <activity android:name="com.example.teama.user.ShopListActivity" />
92-->src\main\AndroidManifest.xml:78:9-59
92-->src\main\AndroidManifest.xml:78:19-56
93        <activity android:name="com.example.teama.user.UserMainActivity" />
93-->src\main\AndroidManifest.xml:79:9-59
93-->src\main\AndroidManifest.xml:79:19-56
94        <activity android:name="com.example.teama.SignUpActivity" />
94-->src\main\AndroidManifest.xml:80:9-52
94-->src\main\AndroidManifest.xml:80:19-49
95        <activity android:name="com.example.teama.LoginFragment" />
95-->src\main\AndroidManifest.xml:81:9-51
95-->src\main\AndroidManifest.xml:81:19-48
96        <activity android:name="com.example.teama.MainActivity" >
96-->src\main\AndroidManifest.xml:84:9-90:20
96-->src\main\AndroidManifest.xml:84:19-47
97            <intent-filter>
97-->src\main\AndroidManifest.xml:85:13-89:29
98                <action android:name="android.intent.action.MAIN" />
98-->src\main\AndroidManifest.xml:86:17-69
98-->src\main\AndroidManifest.xml:86:25-66
99
100                <category android:name="android.intent.category.LAUNCHER" />
100-->src\main\AndroidManifest.xml:88:17-77
100-->src\main\AndroidManifest.xml:88:27-74
101            </intent-filter>
102        </activity>
103
104        <meta-data
104-->src\main\AndroidManifest.xml:92:9-94:70
105            android:name="com.google.android.maps.v2.API_KEY"
105-->src\main\AndroidManifest.xml:93:13-62
106            android:value="AIzaSyDX5ZInNPI2acRkjhvlSApMI50BvN6zPSM" />
106-->src\main\AndroidManifest.xml:94:13-68
107
108        <uses-library
108-->src\main\AndroidManifest.xml:96:9-98:40
109            android:name="org.apache.http.legacy"
109-->src\main\AndroidManifest.xml:97:13-50
110            android:required="false" />
110-->src\main\AndroidManifest.xml:98:13-37
111
112        <!-- API24 이상부터 Url 이 file:// 로 시작되면 안되서 content:// 으로 변환시키는 부분 -->
113        <provider
114            android:name="androidx.core.content.FileProvider"
114-->src\main\AndroidManifest.xml:103:13-62
115            android:authorities="com.example.teama.fileprovider"
115-->src\main\AndroidManifest.xml:102:13-64
116            android:exported="false"
116-->src\main\AndroidManifest.xml:104:13-37
117            android:grantUriPermissions="true" >
117-->src\main\AndroidManifest.xml:105:13-47
118            <meta-data
118-->src\main\AndroidManifest.xml:106:13-108:52
119                android:name="android.support.FILE_PROVIDER_PATHS"
119-->src\main\AndroidManifest.xml:107:17-67
120                android:resource="@xml/filepaths" />
120-->src\main\AndroidManifest.xml:108:17-50
121        </provider>
122
123        <activity
123-->[com.google.android.gms:play-services-base:17.0.0] AndroidManifest.xml:23:9-26:75
124            android:name="com.google.android.gms.common.api.GoogleApiActivity"
124-->[com.google.android.gms:play-services-base:17.0.0] AndroidManifest.xml:24:13-79
125            android:exported="false"
125-->[com.google.android.gms:play-services-base:17.0.0] AndroidManifest.xml:25:13-37
126            android:theme="@android:style/Theme.Translucent.NoTitleBar" />
126-->[com.google.android.gms:play-services-base:17.0.0] AndroidManifest.xml:26:13-72
127
128        <meta-data
128-->[com.google.android.gms:play-services-basement:17.0.0] AndroidManifest.xml:23:9-25:69
129            android:name="com.google.android.gms.version"
129-->[com.google.android.gms:play-services-basement:17.0.0] AndroidManifest.xml:24:13-58
130            android:value="@integer/google_play_services_version" />
130-->[com.google.android.gms:play-services-basement:17.0.0] AndroidManifest.xml:25:13-66
131    </application>
132
133</manifest>